0:0:0:0:0:0:0:1 - - [24/Apr/2024:14:28:43 +0900] "GET /api/movie/choice HTTP/1.1" 500 13228
0:0:0:0:0:0:0:1 - - [24/Apr/2024:14:34:35 +0900] "GET /api/movie/choice HTTP/1.1" 500 7044
0:0:0:0:0:0:0:1 - - [24/Apr/2024:14:36:24 +0900] "GET /api/movie/choice HTTP/1.1" 500 10787
0:0:0:0:0:0:0:1 - - [24/Apr/2024:14:50:18 +0900] "GET /api/movie/choice HTTP/1.1" 500 10787
0:0:0:0:0:0:0:1 - - [24/Apr/2024:14:54:14 +0900] "GET /api/movie/choice HTTP/1.1" 500 13207
0:0:0:0:0:0:0:1 - - [24/Apr/2024:14:57:14 +0900] "GET /api/movie/choice HTTP/1.1" 500 7585
0:0:0:0:0:0:0:1 - - [24/Apr/2024:15:00:35 +0900] "GET /api/movie/choice HTTP/1.1" 500 7585
0:0:0:0:0:0:0:1 - - [24/Apr/2024:15:02:19 +0900] "GET /api/movie/choice HTTP/1.1" 500 7585
0:0:0:0:0:0:0:1 - - [24/Apr/2024:15:03:01 +0900] "GET /api/movie/choice HTTP/1.1" 500 -
0:0:0:0:0:0:0:1 - - [24/Apr/2024:15:03:58 +0900] "GET /api/movie/choice HTTP/1.1" 500 7585
0:0:0:0:0:0:0:1 - - [24/Apr/2024:15:06:20 +0900] "GET /api/movie/choice HTTP/1.1" 500 7585
0:0:0:0:0:0:0:1 - - [24/Apr/2024:15:07:47 +0900] "GET /api/movie/choice HTTP/1.1" 500 7585
0:0:0:0:0:0:0:1 - - [24/Apr/2024:15:15:54 +0900] "GET /api/movie/choice HTTP/1.1" 500 6586
0:0:0:0:0:0:0:1 - - [24/Apr/2024:15:17:36 +0900] "GET /api/movie/choice HTTP/1.1" 500 6586
0:0:0:0:0:0:0:1 - - [24/Apr/2024:15:52:19 +0900] "GET /api/movie/choice HTTP/1.1" 500 6586
0:0:0:0:0:0:0:1 - - [24/Apr/2024:15:54:38 +0900] "GET /api/movie/choice HTTP/1.1" 500 6586
0:0:0:0:0:0:0:1 - - [24/Apr/2024:15:55:24 +0900] "GET /api/movie/choice HTTP/1.1" 500 6586
0:0:0:0:0:0:0:1 - - [24/Apr/2024:16:01:34 +0900] "GET /swagger-ui/index.html HTTP/1.1" 200 734
0:0:0:0:0:0:0:1 - - [24/Apr/2024:16:01:34 +0900] "GET /swagger-ui/swagger-ui.css HTTP/1.1" 200 145206
0:0:0:0:0:0:0:1 - - [24/Apr/2024:16:01:34 +0900] "GET /swagger-ui/index.css HTTP/1.1" 200 202
0:0:0:0:0:0:0:1 - - [24/Apr/2024:16:01:34 +0900] "GET /swagger-ui/swagger-ui-standalone-preset.js HTTP/1.1" 200 322863
0:0:0:0:0:0:0:1 - - [24/Apr/2024:16:01:34 +0900] "GET /swagger-ui/swagger-ui-bundle.js HTTP/1.1" 200 1046583
0:0:0:0:0:0:0:1 - - [24/Apr/2024:16:01:34 +0900] "GET /swagger-ui/swagger-initializer.js HTTP/1.1" 200 632
0:0:0:0:0:0:0:1 - - [24/Apr/2024:16:01:34 +0900] "GET /swagger-ui/favicon-32x32.png HTTP/1.1" 200 628
0:0:0:0:0:0:0:1 - - [24/Apr/2024:16:01:34 +0900] "GET /api/swagger.json/swagger-config HTTP/1.1" 200 227
0:0:0:0:0:0:0:1 - - [24/Apr/2024:16:01:34 +0900] "GET /api/swagger.json HTTP/1.1" 200 3719
0:0:0:0:0:0:0:1 - - [24/Apr/2024:16:07:37 +0900] "GET /api/movie/choice HTTP/1.1" 500 -
0:0:0:0:0:0:0:1 - - [24/Apr/2024:16:09:53 +0900] "GET /api/movie/choice HTTP/1.1" 200 2847
0:0:0:0:0:0:0:1 - - [24/Apr/2024:16:12:51 +0900] "GET /api/movie/choice HTTP/1.1" 200 2702
0:0:0:0:0:0:0:1 - - [24/Apr/2024:16:14:23 +0900] "GET /api/movie/choice HTTP/1.1" 200 2619
